<?xml version="1.0" encoding="UTF-8"?>
<!-- Generated by org.testng.reporters.JUnitXMLReporter -->
<testsuite ignored="0" hostname="A-ABDELSATAR" failures="1" tests="1" name="Testonchrome" time="9.735" errors="0" timestamp="2024-03-11T16:04:32 EET">
  <testcase classname="testCases.RestAssuredTest" name="test_Post" time="0.307">
    <failure type="java.lang.ExceptionInInitializerError">
      <![CDATA[java.lang.ExceptionInInitializerError
at testCases.RestAssuredTest.test_Post(RestAssuredTest.java:29)
at java.base/java.util.ArrayList.forEach(ArrayList.java:1511)
Caused by: groovy.lang.MissingMethodException: No signature of method: static org.apache.http.conn.ssl.X509HostnameVerifier.getSimpleName() is applicable for argument types: () values: []
at groovy.lang.MetaClassImpl.invokeStaticMissingMethod(MetaClassImpl.java:1500)
at groovy.lang.MetaClassImpl.invokeStaticMethod(MetaClassImpl.java:1486)
at org.codehaus.groovy.runtime.callsite.StaticMetaClassSite.call(StaticMetaClassSite.java:53)
at org.codehaus.groovy.runtime.callsite.CallSiteArray.defaultCall(CallSiteArray.java:48)
at org.codehaus.groovy.runtime.callsite.AbstractCallSite.call(AbstractCallSite.java:113)
at org.codehaus.groovy.runtime.callsite.AbstractCallSite.call(AbstractCallSite.java:117)
at io.restassured.internal.assertion.AssertParameter.notNull(AssertParameter.groovy:21)
at io.restassured.config.SSLConfig.<init>(SSLConfig.java:192)
at io.restassured.config.SSLConfig.<init>(SSLConfig.java:184)
at io.restassured.config.RestAssuredConfig.<init>(RestAssuredConfig.java:41)
at io.restassured.RestAssured.<clinit>(RestAssured.java:420)
... 27 more
... Removed 25 stack frames]]>
    </failure>
  </testcase> <!-- test_Post -->
</testsuite> <!-- Testonchrome -->
